<?xml version="1.0" encoding="UTF-8"?>
<!-- Generated by org.testng.reporters.JUnitReportReporter -->
<testsuite hostname="TOSH" name="ru.st.selenium.Search" tests="1" failures="0" timestamp="30 Apr 2015 19:11:20 GMT" time="6.120" errors="0">
  <testcase name="testSearch" time="6.120" classname="ru.st.selenium.Search"/>
</testsuite> <!-- ru.st.selenium.Search -->
